2021-10-14 09:35:39,610 [Worker-0: Loading available Gradle versions] INFO  o.e.b.c.i.u.g.PublishedGradleVersions - Gradle version information cache is up-to-date. Trying to read.
2021-10-14 09:38:36,220 [Worker-9: Creating maven-archetype-quickstart] INFO  o.e.m.c.i.p.ProjectConfigurationManager - Collecting project info '/pom.xml' C:\Users\Capgemini\Desktop\JavaTpoint\SprintPractice\Java-Spring-Ex1\pom.xml
2021-10-14 09:38:42,834 [Worker-9: Creating maven-archetype-quickstart] INFO  o.e.m.c.i.l.LifecycleMappingFactory - Using org.eclipse.m2e.jdt.JarLifecycleMapping lifecycle mapping for MavenProject: com.practice.spring:Java-Spring-Ex1:0.0.1-SNAPSHOT @ C:\Users\Capgemini\Desktop\JavaTpoint\SprintPractice\Java-Spring-Ex1\pom.xml.
2021-10-14 09:38:46,503 [Worker-9: Creating maven-archetype-quickstart] INFO  o.e.m.j.i.AbstractJavaProjectConfigurator - Adding source folder /Java-Spring-Ex1/src/main/java
2021-10-14 09:38:46,515 [Worker-9: Creating maven-archetype-quickstart] INFO  o.e.m.j.i.AbstractJavaProjectConfigurator - Adding source folder /Java-Spring-Ex1/src/test/java
2021-10-14 09:38:46,817 [Worker-9: Creating maven-archetype-quickstart] INFO  o.e.m.c.i.p.ProjectConfigurationManager - Imported and configured 1 project(s) in 10 sec
2021-10-14 09:38:49,302 [Worker-0: Building] INFO  o.e.m.c.i.embedder.EclipseLogger - Using 'UTF-8' encoding to copy filtered resources.
2021-10-14 09:38:49,302 [Worker-0: Building] INFO  o.e.m.c.i.embedder.EclipseLogger - skip non existing resourceDirectory C:\Users\Capgemini\Desktop\JavaTpoint\SprintPractice\Java-Spring-Ex1\src\main\resources
2021-10-14 09:38:49,306 [Worker-0: Building] INFO  o.e.m.c.i.embedder.EclipseLogger - Using 'UTF-8' encoding to copy filtered resources.
2021-10-14 09:38:49,306 [Worker-0: Building] INFO  o.e.m.c.i.embedder.EclipseLogger - skip non existing resourceDirectory C:\Users\Capgemini\Desktop\JavaTpoint\SprintPractice\Java-Spring-Ex1\src\test\resources
2021-10-14 09:41:18,903 [Worker-3: Loading available Gradle versions] INFO  o.e.b.c.i.u.g.PublishedGradleVersions - Gradle version information cache is up-to-date. Trying to read.
2021-10-14 09:41:25,970 [Worker-10: Building] INFO  o.e.m.c.i.embedder.EclipseLogger - Using 'UTF-8' encoding to copy filtered resources.
2021-10-14 09:41:26,006 [Worker-10: Building] INFO  o.e.m.c.i.embedder.EclipseLogger - skip non existing resourceDirectory C:\Users\Capgemini\Desktop\JavaTpoint\SprintPractice\Java-Spring-Ex1\src\main\resources
2021-10-14 09:41:26,010 [Worker-10: Building] INFO  o.e.m.c.i.embedder.EclipseLogger - Using 'UTF-8' encoding to copy filtered resources.
2021-10-14 09:41:26,010 [Worker-10: Building] INFO  o.e.m.c.i.embedder.EclipseLogger - skip non existing resourceDirectory C:\Users\Capgemini\Desktop\JavaTpoint\SprintPractice\Java-Spring-Ex1\src\test\resources
2021-10-14 09:41:45,612 [Worker-4: Building] INFO  o.e.m.c.i.embedder.EclipseLogger - Using 'UTF-8' encoding to copy filtered resources.
2021-10-14 09:41:45,613 [Worker-4: Building] INFO  o.e.m.c.i.embedder.EclipseLogger - skip non existing resourceDirectory C:\Users\Capgemini\Desktop\JavaTpoint\SprintPractice\Java-Spring-Ex1\src\main\resources
2021-10-14 09:41:45,618 [Worker-4: Building] INFO  o.e.m.c.i.embedder.EclipseLogger - Using 'UTF-8' encoding to copy filtered resources.
2021-10-14 09:41:45,619 [Worker-4: Building] INFO  o.e.m.c.i.embedder.EclipseLogger - skip non existing resourceDirectory C:\Users\Capgemini\Desktop\JavaTpoint\SprintPractice\Java-Spring-Ex1\src\test\resources
2021-10-14 13:01:14,184 [Worker-77: Building] INFO  o.e.m.c.i.embedder.EclipseLogger - Using 'UTF-8' encoding to copy filtered resources.
2021-10-14 13:01:14,213 [Worker-77: Building] INFO  o.e.m.c.i.embedder.EclipseLogger - skip non existing resourceDirectory C:\Users\Capgemini\Desktop\JavaTpoint\SprintPractice\Java-Spring-Ex1\src\main\resources
2021-10-14 13:01:14,218 [Worker-77: Building] INFO  o.e.m.c.i.embedder.EclipseLogger - Using 'UTF-8' encoding to copy filtered resources.
2021-10-14 13:01:14,219 [Worker-77: Building] INFO  o.e.m.c.i.embedder.EclipseLogger - skip non existing resourceDirectory C:\Users\Capgemini\Desktop\JavaTpoint\SprintPractice\Java-Spring-Ex1\src\test\resources
2021-10-14 13:02:50,469 [Worker-0: Loading available Gradle versions] INFO  o.e.b.c.i.u.g.PublishedGradleVersions - Gradle version information cache is up-to-date. Trying to read.
2021-10-14 15:08:47,774 [Worker-38: Building] INFO  o.e.m.c.i.embedder.EclipseLogger - Using 'UTF-8' encoding to copy filtered resources.
2021-10-14 15:08:47,777 [Worker-38: Building] INFO  o.e.m.c.i.embedder.EclipseLogger - skip non existing resourceDirectory C:\Users\Capgemini\Desktop\JavaTpoint\SprintPractice\Java-Spring-Ex1\src\main\resources
2021-10-14 15:08:47,789 [Worker-38: Building] INFO  o.e.m.c.i.embedder.EclipseLogger - Using 'UTF-8' encoding to copy filtered resources.
2021-10-14 15:08:47,791 [Worker-38: Building] INFO  o.e.m.c.i.embedder.EclipseLogger - skip non existing resourceDirectory C:\Users\Capgemini\Desktop\JavaTpoint\SprintPractice\Java-Spring-Ex1\src\test\resources
